[2025-01-27 10:43:47,738] [DEBUG] ffmpeg_logger.get_video_fps: FFprobe stdout: {
    "programs": [

    ],
    "streams": [
        {
            "r_frame_rate": "25/1"
        }
    ]
}

[2025-01-27 10:43:47,739] [INFO] ffmpeg_logger.get_video_fps: Got the fps for syncnet_python/file_handling/temp_input/4dc13884-a1d1-4748-9d25-4d48f656a12f.avi: 25.0
[2025-01-27 10:44:40,505] [DEBUG] ffmpeg_logger.get_video_fps: FFprobe stdout: {
    "programs": [

    ],
    "streams": [
        {
            "r_frame_rate": "25/1"
        }
    ]
}

[2025-01-27 10:44:40,505] [INFO] ffmpeg_logger.get_video_fps: Got the fps for syncnet_python/file_handling/temp_input/190d073f-c031-4419-a635-af0b29d14ae4.avi: 25.0
[2025-01-27 10:49:39,081] [DEBUG] ffmpeg_logger.get_video_fps: FFprobe stdout: {
    "programs": [

    ],
    "streams": [
        {
            "r_frame_rate": "25/1"
        }
    ]
}

[2025-01-27 10:49:39,081] [INFO] ffmpeg_logger.get_video_fps: Got the fps for syncnet_python/file_handling/temp_input/41ad27f2-80b4-4c9a-8824-bc8f499b6c63.avi: 25.0
[2025-01-27 10:52:29,063] [DEBUG] ffmpeg_logger.get_video_fps: FFprobe stdout: {
    "programs": [

    ],
    "streams": [
        {
            "r_frame_rate": "25/1"
        }
    ]
}

[2025-01-27 10:52:29,063] [INFO] ffmpeg_logger.get_video_fps: Got the fps for syncnet_python/file_handling/temp_input/3ae79755-b0ed-4d7d-98c3-6abe3bee9e5d.avi: 25.0
[2025-01-27 10:53:47,227] [DEBUG] ffmpeg_logger.get_video_fps: FFprobe stdout: {
    "programs": [

    ],
    "streams": [
        {
            "r_frame_rate": "25/1"
        }
    ]
}

[2025-01-27 10:53:47,228] [INFO] ffmpeg_logger.get_video_fps: Got the fps for syncnet_python/file_handling/temp_input/3c6d3746-0899-46f2-94d9-d13d3f781b51.avi: 25.0
[2025-01-27 10:54:46,056] [DEBUG] ffmpeg_logger.get_video_fps: FFprobe stdout: {
    "programs": [

    ],
    "streams": [
        {
            "r_frame_rate": "25/1"
        }
    ]
}

[2025-01-27 10:54:46,057] [INFO] ffmpeg_logger.get_video_fps: Got the fps for syncnet_python/file_handling/temp_input/3c8e148c-1aec-4a82-ba55-4f2bfe617add.avi: 25.0
