[2025-01-27 10:43:47,679] [INFO] run_postline.process_video: Starting video synchronization process...
[2025-01-27 10:43:47,739] [ERROR] run_postline.process_video: An error occurred during video processing: 'str' object cannot be interpreted as an integer
[2025-01-27 10:44:40,452] [INFO] run_postline.process_video: Starting video synchronization process...
[2025-01-27 10:44:40,505] [INFO] run_postline.process_video: 
--- Synchronization Iteration 1 ---
[2025-01-27 10:44:40,523] [ERROR] run_postline.process_video: An error occurred during video processing: SyncNet pipeline failed for video syncnet_python/data/5_corrected_example.avi (ref=00005): Command '['python', 'run_pipeline.py', '--videofile', 'syncnet_python/data/5_corrected_example.avi', '--reference', '00005']' returned non-zero exit status 2.
[2025-01-27 10:49:39,026] [INFO] run_postline.process_video: Starting video synchronization process...
[2025-01-27 10:49:39,081] [INFO] run_postline.process_video: 
--- Synchronization Iteration 1 ---
[2025-01-27 10:49:39,104] [ERROR] run_postline.process_video: An error occurred during video processing: SyncNet pipeline failed for video syncnet_python/data/5_corrected_example.avi (ref=00005): Command '['python', 'run_pipeline.py', '--videofile', 'syncnet_python/data/5_corrected_example.avi', '--reference', '00005']' returned non-zero exit status 2.
[2025-01-27 10:52:28,998] [INFO] run_postline.process_video: Starting video synchronization process...
[2025-01-27 10:52:29,063] [INFO] run_postline.process_video: 
--- Synchronization Iteration 1 ---
[2025-01-27 10:52:29,085] [ERROR] run_postline.process_video: An error occurred during video processing: SyncNet pipeline failed for video syncnet_python/data/5_corrected_example.avi (ref=00005): Command '['python', 'run_pipeline.py', '--videofile', 'syncnet_python/data/5_corrected_example.avi', '--reference', '00005']' returned non-zero exit status 2.
[2025-01-27 10:53:47,163] [INFO] run_postline.process_video: Starting video synchronization process...
[2025-01-27 10:53:47,228] [INFO] run_postline.process_video: 
--- Synchronization Iteration 1 ---
[2025-01-27 10:53:47,248] [ERROR] run_postline.process_video: An error occurred during video processing: SyncNet pipeline failed for video syncnet_python/data/5_corrected_example.avi (ref=00005): Command '['python', 'run_pipeline.py', '--videofile', 'syncnet_python/data/5_corrected_example.avi', '--reference', '00005']' returned non-zero exit status 2.
[2025-01-27 10:54:45,995] [INFO] run_postline.process_video: Starting video synchronization process...
[2025-01-27 10:54:46,057] [INFO] run_postline.process_video: 
--- Synchronization Iteration 1 ---
[2025-01-27 10:54:50,716] [ERROR] run_postline.process_video: An error occurred during video processing: SyncNet pipeline failed for video syncnet_python/data/5_corrected_example.avi (ref=00005): Command '['python', 'syncnet_python/run_pipeline.py', '--videofile', 'syncnet_python/data/5_corrected_example.avi', '--reference', '00005']' returned non-zero exit status 1.
